build/jsb-default/frameworks/cocos2d-x/cocos/platform/android/libcocos2dx/build/intermediates/manifest_merge_blame_file/debug/manifest-merger-blame-debug-report.txt
1<?xml version="1.0" encoding="utf-8"?>
2<manifest xmlns:android="http://schemas.android.com/apk/res/android"
3    package="org.cocos2dx.lib" >
4
5    <uses-sdk android:minSdkVersion="21" />
5-->android/libcocos2dx/AndroidManifest.xml
6
7    <uses-permission android:name="android.permission.ACCESS_NETWORK_STATE" />
7-->android/libcocos2dx/AndroidManifest.xml:3:5-78
7-->android/libcocos2dx/AndroidManifest.xml:3:22-76
8
9</manifest>